2026-01-16T22:22:11 | touched: scripts/frontend-integration.js
2026-01-14T11:56:35 | touched: scripts/interact.js
2025-07-10T16:10:18 | touched: scripts/api-server.js
2025-01-26T10:07:16 | touched: test/Visiontransformer.test.js
2026-01-17T08:34:48 | touched: scripts/interact.js
2026-01-12T02:31:35 | touched: scripts/api-server.js
2025-03-22T08:46:07 | touched: hardhat.config.js
2025-10-08T01:14:48 | touched: scripts/api-server.js
2026-01-17T02:50:19 | touched: scripts/cli.js
2025-01-21T08:48:22 | touched: scripts/interact.js
2025-07-02T04:45:32 | touched: scripts/frontend-integration.js
2025-12-09T05:18:48 | touched: contracts/Visiontransformer.sol
2025-11-24T03:07:11 | touched: .env.example
2025-08-07T12:48:20 | touched: scripts/frontend-integration.js
2025-06-28T06:51:00 | touched: .env.example
2025-09-09T12:57:44 | touched: scripts/deploy.js
2025-08-26T13:14:30 | touched: contracts/Visiontransformer.sol
2025-02-23T13:22:29 | touched: scripts/interact.js
2025-04-25T12:42:03 | touched: scripts/deploy.js
2025-05-03T16:57:18 | touched: scripts/deploy.js
2025-06-07T06:28:04 | touched: scripts/deploy.js
2025-06-21T17:40:07 | touched: scripts/cli.js
2025-06-12T02:54:31 | touched: contracts/Visiontransformer.sol
2025-01-02T22:11:39 | touched: LICENSE
2025-03-20T18:43:53 | touched: scripts/frontend-integration.js
2025-02-15T03:13:11 | touched: scripts/api-server.js
2025-04-21T16:14:07 | touched: scripts/interact.js
2025-02-15T10:48:37 | touched: hardhat.config.js
2025-06-07T14:40:55 | touched: package.json
2025-01-25T19:45:40 | touched: scripts/cli.js
2025-03-05T14:08:35 | touched: scripts/frontend-integration.js
2025-08-19T11:00:39 | touched: scripts/deploy.js
2025-11-20T10:09:12 | touched: .env.example
2025-06-16T20:53:59 | touched: package.json
2025-02-04T02:26:29 | touched: scripts/interact.js
2025-10-20T11:58:46 | touched: scripts/deploy.js
2025-04-19T06:33:38 | touched: scripts/api-server.js
2025-08-12T07:22:16 | touched: README.md
2025-10-17T23:00:19 | touched: README.md
2025-09-09T18:15:07 | touched: package.json
2025-06-26T17:20:36 | touched: LICENSE
2025-05-16T07:07:58 | touched: README.md
2025-09-09T15:53:21 | touched: scripts/cli.js
2025-05-04T22:48:26 | touched: test/Visiontransformer.test.js
2025-02-20T10:45:43 | touched: hardhat.config.js
2025-12-22T00:24:55 | touched: .env.example
2025-06-11T22:05:13 | touched: scripts/api-server.js
2025-08-29T14:10:10 | touched: scripts/api-server.js
2025-08-06T16:40:28 | touched: .env.example
2025-10-19T15:24:02 | touched: scripts/api-server.js
2025-02-09T00:31:17 | touched: scripts/cli.js
2025-01-25T03:41:47 | touched: .env.example
